[33mWARNING:[0m Bind mount '/home/koehler => /home/koehler' overlaps container CWD /home/koehler/make_embeddings, may not be available
BUILDING VOCABULARY
Processed 0 tokens.[11G100000 tokens.[11G200000 tokens.[11G300000 tokens.[11G400000 tokens.[11G500000 tokens.[11G600000 tokens.[11G700000 tokens.[11G800000 tokens.[11G900000 tokens.[11G1000000 tokens.[11G1100000 tokens.[11G1200000 tokens.[11G1300000 tokens.[11G1400000 tokens.[11G1500000 tokens.[11G1600000 tokens.[11G1700000 tokens.[11G1800000 tokens.[11G1900000 tokens.[11G2000000 tokens.[11G2100000 tokens.[11G2200000 tokens.[11G2300000 tokens.[11G2400000 tokens.[11G2500000 tokens.[11G2600000 tokens.[11G2700000 tokens.[11G2800000 tokens.[11G2900000 tokens.[11G3000000 tokens.[11G3100000 tokens.[11G3200000 tokens.[11G3300000 tokens.[11G3400000 tokens.[11G3500000 tokens.[11G3600000 tokens.[11G3700000 tokens.[11G3800000 tokens.[11G3900000 tokens.[0GProcessed 3901683 tokens.
Counted 26726 unique words.
Truncating vocabulary at min count 10.
Using vocabulary of size 26639.

COUNTING COOCCURRENCES
window size: 50000
context: symmetric
max product: 62985709
overflow length: 190141781
Reading vocab from file "/scratch/369870/vocab_filterstandard.txt"...loaded 26639 words.
Building lookup table...table contains 215503011 elements.
Processing token: 0[19G100000[19G200000[19G300000[19G400000[19G500000[19G600000[19G700000[19G800000[19G900000[19G1000000[19G1100000[19G1200000[19G1300000[19G1400000[19G1500000[19G1600000[19G1700000[19G1800000[19G1900000[19G2000000[19G2100000[19G2200000[19G2300000[19G2400000[19G2500000[19G2600000[19G2700000[19G2800000[19G2900000[19G3000000[19G3100000[19G3200000[19G3300000[19G3400000[19G3500000[19G3600000[19G3700000[19G3800000[19G3900000[0GProcessed 3901683 tokens.
Writing cooccurrences to disk........2 files in total.
Merging cooccurrence files: processed 0 lines.[39G100000 lines.[39G200000 lines.[39G300000 lines.[39G400000 lines.[39G500000 lines.[39G600000 lines.[39G700000 lines.[39G800000 lines.[39G900000 lines.[39G1000000 lines.[39G1100000 lines.[39G1200000 lines.[39G1300000 lines.[39G1400000 lines.[39G1500000 lines.[39G1600000 lines.[39G1700000 lines.[39G1800000 lines.[39G1900000 lines.[39G2000000 lines.[39G2100000 lines.[39G2200000 lines.[39G2300000 lines.[39G2400000 lines.[39G2500000 lines.[39G2600000 lines.[39G2700000 lines.[39G2800000 lines.[39G2900000 lines.[39G3000000 lines.[39G3100000 lines.[39G3200000 lines.[39G3300000 lines.[39G3400000 lines.[39G3500000 lines.[39G3600000 lines.[39G3700000 lines.[39G3800000 lines.[39G3900000 lines.[39G4000000 lines.[39G4100000 lines.[39G4200000 lines.[39G4300000 lines.[39G4400000 lines.[39G4500000 lines.[39G4600000 lines.[39G4700000 lines.[39G4800000 lines.[39G4900000 lines.[39G5000000 lines.[39G5100000 lines.[39G5200000 lines.[39G5300000 lines.[39G5400000 lines.[39G5500000 lines.[39G5600000 lines.[39G5700000 lines.[39G5800000 lines.[39G5900000 lines.[39G6000000 lines.[39G6100000 lines.[39G6200000 lines.[39G6300000 lines.[39G6400000 lines.[39G6500000 lines.[39G6600000 lines.[39G6700000 lines.[39G6800000 lines.[39G6900000 lines.[39G7000000 lines.[39G7100000 lines.[39G7200000 lines.[39G7300000 lines.[39G7400000 lines.[39G7500000 lines.[39G7600000 lines.[39G7700000 lines.[39G7800000 lines.[39G7900000 lines.[39G8000000 lines.[39G8100000 lines.[39G8200000 lines.[39G8300000 lines.[39G8400000 lines.[39G8500000 lines.[39G8600000 lines.[39G8700000 lines.[39G8800000 lines.[39G8900000 lines.[39G9000000 lines.[39G9100000 lines.[39G9200000 lines.[39G9300000 lines.[39G9400000 lines.[39G9500000 lines.[39G9600000 lines.[39G9700000 lines.[39G9800000 lines.[39G9900000 lines.[39G10000000 lines.[39G10100000 lines.[39G10200000 lines.[39G10300000 lines.[39G10400000 lines.[39G10500000 lines.[39G10600000 lines.[39G10700000 lines.[39G10800000 lines.[39G10900000 lines.[39G11000000 lines.[39G11100000 lines.[39G11200000 lines.[39G11300000 lines.[39G11400000 lines.[39G11500000 lines.[39G11600000 lines.[39G11700000 lines.[39G11800000 lines.[39G11900000 lines.[39G12000000 lines.[39G12100000 lines.[39G12200000 lines.[39G12300000 lines.[39G12400000 lines.[39G12500000 lines.[39G12600000 lines.[39G12700000 lines.[39G12800000 lines.[39G12900000 lines.[39G13000000 lines.[39G13100000 lines.[39G13200000 lines.[39G13300000 lines.[39G13400000 lines.[39G13500000 lines.[39G13600000 lines.[39G13700000 lines.[39G13800000 lines.[39G13900000 lines.[39G14000000 lines.[39G14100000 lines.[39G14200000 lines.[39G14300000 lines.[39G14400000 lines.[39G14500000 lines.[39G14600000 lines.[39G14700000 lines.[39G14800000 lines.[39G14900000 lines.[39G15000000 lines.[39G15100000 lines.[39G15200000 lines.[39G15300000 lines.[39G15400000 lines.[39G15500000 lines.[39G15600000 lines.[39G15700000 lines.[39G15800000 lines.[39G15900000 lines.[39G16000000 lines.[39G16100000 lines.[39G16200000 lines.[39G16300000 lines.[39G16400000 lines.[39G16500000 lines.[39G16600000 lines.[39G16700000 lines.[39G16800000 lines.[39G16900000 lines.[39G17000000 lines.[39G17100000 lines.[39G17200000 lines.[39G17300000 lines.[39G17400000 lines.[39G17500000 lines.[39G17600000 lines.[39G17700000 lines.[39G17800000 lines.[39G17900000 lines.[39G18000000 lines.[39G18100000 lines.[39G18200000 lines.[39G18300000 lines.[39G18400000 lines.[39G18500000 lines.[39G18600000 lines.[39G18700000 lines.[39G18800000 lines.[39G18900000 lines.[39G19000000 lines.[39G19100000 lines.[39G19200000 lines.[39G19300000 lines.[39G19400000 lines.[39G19500000 lines.[39G19600000 lines.[39G19700000 lines.[39G19800000 lines.[39G19900000 lines.[39G20000000 lines.[39G20100000 lines.[39G20200000 lines.[39G20300000 lines.[39G20400000 lines.[39G20500000 lines.[39G20600000 lines.[39G20700000 lines.[39G20800000 lines.[39G20900000 lines.[39G21000000 lines.[39G21100000 lines.[39G21200000 lines.[39G21300000 lines.[39G21400000 lines.[39G21500000 lines.[39G21600000 lines.[39G21700000 lines.[39G21800000 lines.[39G21900000 lines.[39G22000000 lines.[39G22100000 lines.[39G22200000 lines.[39G22300000 lines.[39G22400000 lines.[39G22500000 lines.[39G22600000 lines.[39G22700000 lines.[39G22800000 lines.[39G22900000 lines.[39G23000000 lines.[39G23100000 lines.[39G23200000 lines.[39G23300000 lines.[39G23400000 lines.[39G23500000 lines.[39G23600000 lines.[39G23700000 lines.[39G23800000 lines.[39G23900000 lines.[39G24000000 lines.[39G24100000 lines.[39G24200000 lines.[39G24300000 lines.[39G24400000 lines.[39G24500000 lines.[39G24600000 lines.[39G24700000 lines.[39G24800000 lines.[39G24900000 lines.[39G25000000 lines.[39G25100000 lines.[39G25200000 lines.[39G25300000 lines.[39G25400000 lines.[39G25500000 lines.[39G25600000 lines.[39G25700000 lines.[39G25800000 lines.[39G25900000 lines.[39G26000000 lines.[39G26100000 lines.[39G26200000 lines.[39G26300000 lines.[39G26400000 lines.[39G26500000 lines.[39G26600000 lines.[39G26700000 lines.[39G26800000 lines.[39G26900000 lines.[39G27000000 lines.[39G27100000 lines.[39G27200000 lines.[39G27300000 lines.[39G27400000 lines.[39G27500000 lines.[39G27600000 lines.[39G27700000 lines.[39G27800000 lines.[39G27900000 lines.[39G28000000 lines.[39G28100000 lines.[39G28200000 lines.[39G28300000 lines.[39G28400000 lines.[39G28500000 lines.[39G28600000 lines.[39G28700000 lines.[39G28800000 lines.[39G28900000 lines.[39G29000000 lines.[39G29100000 lines.[39G29200000 lines.[39G29300000 lines.[39G29400000 lines.[39G29500000 lines.[39G29600000 lines.[39G29700000 lines.[39G29800000 lines.[39G29900000 lines.[39G30000000 lines.[39G30100000 lines.[39G30200000 lines.[39G30300000 lines.[39G30400000 lines.[39G30500000 lines.[39G30600000 lines.[39G30700000 lines.[39G30800000 lines.[39G30900000 lines.[39G31000000 lines.[39G31100000 lines.[39G31200000 lines.[39G31300000 lines.[39G31400000 lines.[39G31500000 lines.[39G31600000 lines.[39G31700000 lines.[39G31800000 lines.[39G31900000 lines.[39G32000000 lines.[39G32100000 lines.[39G32200000 lines.[39G32300000 lines.[39G32400000 lines.[39G32500000 lines.[39G32600000 lines.[39G32700000 lines.[39G32800000 lines.[39G32900000 lines.[39G33000000 lines.[39G33100000 lines.[39G33200000 lines.[39G33300000 lines.[39G33400000 lines.[39G33500000 lines.[39G33600000 lines.[39G33700000 lines.[39G33800000 lines.[39G33900000 lines.[39G34000000 lines.[39G34100000 lines.[39G34200000 lines.[39G34300000 lines.[39G34400000 lines.[39G34500000 lines.[39G34600000 lines.[39G34700000 lines.[39G34800000 lines.[39G34900000 lines.[39G35000000 lines.[39G35100000 lines.[39G35200000 lines.[39G35300000 lines.[39G35400000 lines.[39G35500000 lines.[39G35600000 lines.[39G35700000 lines.[39G35800000 lines.[39G35900000 lines.[39G36000000 lines.[39G36100000 lines.[39G36200000 lines.[39G36300000 lines.[39G36400000 lines.[39G36500000 lines.[39G36600000 lines.[39G36700000 lines.[39G36800000 lines.[39G36900000 lines.[39G37000000 lines.[39G37100000 lines.[39G37200000 lines.[39G37300000 lines.[39G37400000 lines.[39G37500000 lines.[39G37600000 lines.[39G37700000 lines.[39G37800000 lines.[39G37900000 lines.[39G38000000 lines.[39G38100000 lines.[39G38200000 lines.[39G38300000 lines.[39G38400000 lines.[39G38500000 lines.[39G38600000 lines.[39G38700000 lines.[39G38800000 lines.[39G38900000 lines.[39G39000000 lines.[39G39100000 lines.[39G39200000 lines.[39G39300000 lines.[39G39400000 lines.[39G39500000 lines.[39G39600000 lines.[39G39700000 lines.[39G39800000 lines.[39G39900000 lines.[39G40000000 lines.[39G40100000 lines.[39G40200000 lines.[39G40300000 lines.[39G40400000 lines.[39G40500000 lines.[39G40600000 lines.[39G40700000 lines.[39G40800000 lines.[39G40900000 lines.[39G41000000 lines.[39G41100000 lines.[39G41200000 lines.[39G41300000 lines.[39G41400000 lines.[39G41500000 lines.[39G41600000 lines.[39G41700000 lines.[39G41800000 lines.[39G41900000 lines.[39G42000000 lines.[39G42100000 lines.[39G42200000 lines.[39G42300000 lines.[39G42400000 lines.[39G42500000 lines.[39G42600000 lines.[39G42700000 lines.[39G42800000 lines.[39G42900000 lines.[39G43000000 lines.[39G43100000 lines.[39G43200000 lines.[39G43300000 lines.[39G43400000 lines.[39G43500000 lines.[39G43600000 lines.[39G43700000 lines.[39G43800000 lines.[39G43900000 lines.[39G44000000 lines.[39G44100000 lines.[39G44200000 lines.[39G44300000 lines.[39G44400000 lines.[39G44500000 lines.[39G44600000 lines.[39G44700000 lines.[39G44800000 lines.[39G44900000 lines.[39G45000000 lines.[39G45100000 lines.[39G45200000 lines.[39G45300000 lines.[39G45400000 lines.[39G45500000 lines.[39G45600000 lines.[39G45700000 lines.[39G45800000 lines.[39G45900000 lines.[39G46000000 lines.[39G46100000 lines.[39G46200000 lines.[39G46300000 lines.[39G46400000 lines.[39G46500000 lines.[39G46600000 lines.[39G46700000 lines.[39G46800000 lines.[39G46900000 lines.[39G47000000 lines.[39G47100000 lines.[39G47200000 lines.[39G47300000 lines.[39G47400000 lines.[39G47500000 lines.[39G47600000 lines.[39G47700000 lines.[39G47800000 lines.[39G47900000 lines.[39G48000000 lines.[39G48100000 lines.[39G48200000 lines.[39G48300000 lines.[39G48400000 lines.[39G48500000 lines.[39G48600000 lines.[39G48700000 lines.[39G48800000 lines.[39G48900000 lines.[39G49000000 lines.[39G49100000 lines.[39G49200000 lines.[39G49300000 lines.[39G49400000 lines.[39G49500000 lines.[39G49600000 lines.[39G49700000 lines.[39G49800000 lines.[39G49900000 lines.[39G50000000 lines.[39G50100000 lines.[39G50200000 lines.[39G50300000 lines.[39G50400000 lines.[39G50500000 lines.[39G50600000 lines.[39G50700000 lines.[39G50800000 lines.[39G50900000 lines.[39G51000000 lines.[39G51100000 lines.[39G51200000 lines.[39G51300000 lines.[39G51400000 lines.[39G51500000 lines.[39G51600000 lines.[39G51700000 lines.[39G51800000 lines.[39G51900000 lines.[39G52000000 lines.[39G52100000 lines.[39G52200000 lines.[39G52300000 lines.[39G52400000 lines.[39G52500000 lines.[39G52600000 lines.[39G52700000 lines.[39G52800000 lines.[39G52900000 lines.[39G53000000 lines.[39G53100000 lines.[39G53200000 lines.[39G53300000 lines.[39G53400000 lines.[39G53500000 lines.[39G53600000 lines.[39G53700000 lines.[39G53800000 lines.[39G53900000 lines.[39G54000000 lines.[39G54100000 lines.[39G54200000 lines.[39G54300000 lines.[39G54400000 lines.[39G54500000 lines.[39G54600000 lines.[39G54700000 lines.[39G54800000 lines.[39G54900000 lines.[39G55000000 lines.[39G55100000 lines.[39G55200000 lines.[39G55300000 lines.[39G55400000 lines.[39G55500000 lines.[39G55600000 lines.[39G55700000 lines.[39G55800000 lines.[39G55900000 lines.[39G56000000 lines.[39G56100000 lines.[39G56200000 lines.[39G56300000 lines.[39G56400000 lines.[39G56500000 lines.[39G56600000 lines.[39G56700000 lines.[39G56800000 lines.[39G56900000 lines.[39G57000000 lines.[39G57100000 lines.[39G57200000 lines.[39G57300000 lines.[39G57400000 lines.[39G57500000 lines.[39G57600000 lines.[39G57700000 lines.[39G57800000 lines.[39G57900000 lines.[39G58000000 lines.[39G58100000 lines.[39G58200000 lines.[39G58300000 lines.[39G58400000 lines.[39G58500000 lines.[39G58600000 lines.[39G58700000 lines.[39G58800000 lines.[39G58900000 lines.[39G59000000 lines.[39G59100000 lines.[39G59200000 lines.[39G59300000 lines.[39G59400000 lines.[39G59500000 lines.[39G59600000 lines.[39G59700000 lines.[39G59800000 lines.[39G59900000 lines.[39G60000000 lines.[39G60100000 lines.[39G60200000 lines.[39G60300000 lines.[39G60400000 lines.[39G60500000 lines.[39G60600000 lines.[39G60700000 lines.[39G60800000 lines.[39G60900000 lines.[39G61000000 lines.[39G61100000 lines.[39G61200000 lines.[39G61300000 lines.[39G61400000 lines.[39G61500000 lines.[39G61600000 lines.[39G61700000 lines.[39G61800000 lines.[39G61900000 lines.[39G62000000 lines.[39G62100000 lines.[39G62200000 lines.[39G62300000 lines.[39G62400000 lines.[39G62500000 lines.[39G62600000 lines.[39G62700000 lines.[39G62800000 lines.[39G62900000 lines.[39G63000000 lines.[39G63100000 lines.[39G63200000 lines.[39G63300000 lines.[39G63400000 lines.[39G63500000 lines.[39G63600000 lines.[39G63700000 lines.[39G63800000 lines.[39G63900000 lines.[39G64000000 lines.[39G64100000 lines.[39G64200000 lines.[39G64300000 lines.[39G64400000 lines.[39G64500000 lines.[39G64600000 lines.[39G64700000 lines.[39G64800000 lines.[39G64900000 lines.[39G65000000 lines.[39G65100000 lines.[39G65200000 lines.[39G65300000 lines.[39G65400000 lines.[39G65500000 lines.[39G65600000 lines.[39G65700000 lines.[39G65800000 lines.[39G65900000 lines.[39G66000000 lines.[39G66100000 lines.[39G66200000 lines.[39G66300000 lines.[39G66400000 lines.[39G66500000 lines.[39G66600000 lines.[39G66700000 lines.[39G66800000 lines.[39G66900000 lines.[39G67000000 lines.[39G67100000 lines.[39G67200000 lines.[39G67300000 lines.[39G67400000 lines.[39G67500000 lines.[39G67600000 lines.[39G67700000 lines.[39G67800000 lines.[39G67900000 lines.[39G68000000 lines.[39G68100000 lines.[39G68200000 lines.[39G68300000 lines.[39G68400000 lines.[39G68500000 lines.[39G68600000 lines.[39G68700000 lines.[39G68800000 lines.[39G68900000 lines.[39G69000000 lines.[39G69100000 lines.[39G69200000 lines.[39G69300000 lines.[39G69400000 lines.[39G69500000 lines.[39G69600000 lines.[39G69700000 lines.[39G69800000 lines.[39G69900000 lines.[39G70000000 lines.[39G70100000 lines.[39G70200000 lines.[39G70300000 lines.[39G70400000 lines.[39G70500000 lines.[39G70600000 lines.[39G70700000 lines.[39G70800000 lines.[39G70900000 lines.[39G71000000 lines.[39G71100000 lines.[39G71200000 lines.[39G71300000 lines.[39G71400000 lines.[39G71500000 lines.[39G71600000 lines.[39G71700000 lines.[39G71800000 lines.[39G71900000 lines.[39G72000000 lines.[39G72100000 lines.[39G72200000 lines.[39G72300000 lines.[39G72400000 lines.[39G72500000 lines.[39G72600000 lines.[39G72700000 lines.[39G72800000 lines.[39G72900000 lines.[39G73000000 lines.[39G73100000 lines.[39G73200000 lines.[39G73300000 lines.[39G73400000 lines.[39G73500000 lines.[39G73600000 lines.[39G73700000 lines.[39G73800000 lines.[39G73900000 lines.[39G74000000 lines.[39G74100000 lines.[39G74200000 lines.[39G74300000 lines.[39G74400000 lines.[39G74500000 lines.[39G74600000 lines.[39G74700000 lines.[39G74800000 lines.[39G74900000 lines.[39G75000000 lines.[39G75100000 lines.[39G75200000 lines.[39G75300000 lines.[39G75400000 lines.[39G75500000 lines.[39G75600000 lines.[39G75700000 lines.[39G75800000 lines.[39G75900000 lines.[39G76000000 lines.[39G76100000 lines.[39G76200000 lines.[39G76300000 lines.[39G76400000 lines.[39G76500000 lines.[39G76600000 lines.[39G76700000 lines.[39G76800000 lines.[39G76900000 lines.[39G77000000 lines.[39G77100000 lines.[39G77200000 lines.[39G77300000 lines.[39G77400000 lines.[39G77500000 lines.[39G77600000 lines.[39G77700000 lines.[39G77800000 lines.[39G77900000 lines.[39G78000000 lines.[39G78100000 lines.[39G78200000 lines.[39G78300000 lines.[39G78400000 lines.[39G78500000 lines.[39G78600000 lines.[39G78700000 lines.[39G78800000 lines.[39G78900000 lines.[39G79000000 lines.[39G79100000 lines.[39G79200000 lines.[39G79300000 lines.[39G79400000 lines.[39G79500000 lines.[39G79600000 lines.[39G79700000 lines.[39G79800000 lines.[39G79900000 lines.[39G80000000 lines.[39G80100000 lines.[39G80200000 lines.[39G80300000 lines.[39G80400000 lines.[39G80500000 lines.[39G80600000 lines.[39G80700000 lines.[39G80800000 lines.[39G80900000 lines.[39G81000000 lines.[39G81100000 lines.[39G81200000 lines.[39G81300000 lines.[39G81400000 lines.[39G81500000 lines.[39G81600000 lines.[39G81700000 lines.[39G81800000 lines.[39G81900000 lines.[39G82000000 lines.[39G82100000 lines.[39G82200000 lines.[39G82300000 lines.[39G82400000 lines.[39G82500000 lines.[39G82600000 lines.[39G82700000 lines.[39G82800000 lines.[39G82900000 lines.[39G83000000 lines.[39G83100000 lines.[39G83200000 lines.[39G83300000 lines.[39G83400000 lines.[39G83500000 lines.[39G83600000 lines.[39G83700000 lines.[39G83800000 lines.[39G83900000 lines.[39G84000000 lines.[39G84100000 lines.[39G84200000 lines.[39G84300000 lines.[39G84400000 lines.[39G84500000 lines.[39G84600000 lines.[39G84700000 lines.[39G84800000 lines.[39G84900000 lines.[39G85000000 lines.[39G85100000 lines.[39G85200000 lines.[39G85300000 lines.[39G85400000 lines.[39G85500000 lines.[39G85600000 lines.[39G85700000 lines.[39G85800000 lines.[39G85900000 lines.[39G86000000 lines.[39G86100000 lines.[39G86200000 lines.[39G86300000 lines.[39G86400000 lines.[39G86500000 lines.[39G86600000 lines.[39G86700000 lines.[39G86800000 lines.[39G86900000 lines.[39G87000000 lines.[39G87100000 lines.[39G87200000 lines.[39G87300000 lines.[39G87400000 lines.[39G87500000 lines.[39G87600000 lines.[39G87700000 lines.[39G87800000 lines.[39G87900000 lines.[39G88000000 lines.[39G88100000 lines.[39G88200000 lines.[39G88300000 lines.[39G88400000 lines.[39G88500000 lines.[39G88600000 lines.[39G88700000 lines.[39G88800000 lines.[39G88900000 lines.[39G89000000 lines.[39G89100000 lines.[39G89200000 lines.[39G89300000 lines.[39G89400000 lines.[39G89500000 lines.[39G89600000 lines.[39G89700000 lines.[39G89800000 lines.[39G89900000 lines.[39G90000000 lines.[39G90100000 lines.[39G90200000 lines.[39G90300000 lines.[39G90400000 lines.[39G90500000 lines.[39G90600000 lines.[39G90700000 lines.[39G90800000 lines.[39G90900000 lines.[39G91000000 lines.[39G91100000 lines.[39G91200000 lines.[39G91300000 lines.[39G91400000 lines.[39G91500000 lines.[39G91600000 lines.[39G91700000 lines.[39G91800000 lines.[39G91900000 lines.[39G92000000 lines.[39G92100000 lines.[39G92200000 lines.[39G92300000 lines.[39G92400000 lines.[39G92500000 lines.[39G92600000 lines.[39G92700000 lines.[39G92800000 lines.[39G92900000 lines.[39G93000000 lines.[39G93100000 lines.[39G93200000 lines.[39G93300000 lines.[39G93400000 lines.[39G93500000 lines.[39G93600000 lines.[39G93700000 lines.[39G93800000 lines.[39G93900000 lines.[39G94000000 lines.[39G94100000 lines.[39G94200000 lines.[39G94300000 lines.[39G94400000 lines.[39G94500000 lines.[39G94600000 lines.[39G94700000 lines.[39G94800000 lines.[39G94900000 lines.[39G95000000 lines.[39G95100000 lines.[39G95200000 lines.[39G95300000 lines.[39G95400000 lines.[39G95500000 lines.[39G95600000 lines.[39G95700000 lines.[39G95800000 lines.[39G95900000 lines.[39G96000000 lines.[39G96100000 lines.[39G96200000 lines.[39G96300000 lines.[39G96400000 lines.[39G96500000 lines.[39G96600000 lines.[39G96700000 lines.[39G96800000 lines.[39G96900000 lines.[39G97000000 lines.[39G97100000 lines.[39G97200000 lines.[39G97300000 lines.[39G97400000 lines.[39G97500000 lines.[39G97600000 lines.[39G97700000 lines.[39G97800000 lines.[39G97900000 lines.[39G98000000 lines.[39G98100000 lines.[39G98200000 lines.[39G98300000 lines.[39G98400000 lines.[39G98500000 lines.[39G98600000 lines.[39G98700000 lines.[39G98800000 lines.[39G98900000 lines.[39G99000000 lines.[39G99100000 lines.[39G99200000 lines.[39G99300000 lines.[39G99400000 lines.[39G99500000 lines.[39G99600000 lines.[39G99700000 lines.[39G99800000 lines.[39G99900000 lines.[39G100000000 lines.[39G100100000 lines.[39G100200000 lines.[39G100300000 lines.[39G100400000 lines.[39G100500000 lines.[39G100600000 lines.[39G100700000 lines.[39G100800000 lines.[39G100900000 lines.[39G101000000 lines.[39G101100000 lines.[39G101200000 lines.[39G101300000 lines.[39G101400000 lines.[39G101500000 lines.[39G101600000 lines.[39G101700000 lines.[39G101800000 lines.[39G101900000 lines.[39G102000000 lines.[39G102100000 lines.[39G102200000 lines.[39G102300000 lines.[39G102400000 lines.[39G102500000 lines.[39G102600000 lines.[39G102700000 lines.[39G102800000 lines.[39G102900000 lines.[39G103000000 lines.[39G103100000 lines.[39G103200000 lines.[39G103300000 lines.[39G103400000 lines.[39G103500000 lines.[39G103600000 lines.[39G103700000 lines.[39G103800000 lines.[39G103900000 lines.[39G104000000 lines.[39G104100000 lines.[39G104200000 lines.[39G104300000 lines.[39G104400000 lines.[39G104500000 lines.[39G104600000 lines.[39G104700000 lines.[39G104800000 lines.[39G104900000 lines.[39G105000000 lines.[39G105100000 lines.[39G105200000 lines.[39G105300000 lines.[39G105400000 lines.[39G105500000 lines.[39G105600000 lines.[39G105700000 lines.[39G105800000 lines.[39G105900000 lines.[39G106000000 lines.[39G106100000 lines.[39G106200000 lines.[39G106300000 lines.[39G106400000 lines.[39G106500000 lines.[39G106600000 lines.[39G106700000 lines.[39G106800000 lines.[39G106900000 lines.[39G107000000 lines.[39G107100000 lines.[39G107200000 lines.[39G107300000 lines.[39G107400000 lines.[39G107500000 lines.[39G107600000 lines.[39G107700000 lines.[39G107800000 lines.[39G107900000 lines.[39G108000000 lines.[39G108100000 lines.[39G108200000 lines.[39G108300000 lines.[39G108400000 lines.[39G108500000 lines.[39G108600000 lines.[39G108700000 lines.[39G108800000 lines.[39G108900000 lines.[39G109000000 lines.[39G109100000 lines.[39G109200000 lines.[39G109300000 lines.[39G109400000 lines.[39G109500000 lines.[39G109600000 lines.[39G109700000 lines.[39G109800000 lines.[39G109900000 lines.[39G110000000 lines.[39G110100000 lines.[39G110200000 lines.[39G110300000 lines.[39G110400000 lines.[39G110500000 lines.[39G110600000 lines.[39G110700000 lines.[39G110800000 lines.[39G110900000 lines.[39G111000000 lines.[39G111100000 lines.[39G111200000 lines.[39G111300000 lines.[39G111400000 lines.[39G111500000 lines.[39G111600000 lines.[39G111700000 lines.[39G111800000 lines.[39G111900000 lines.[39G112000000 lines.[39G112100000 lines.[39G112200000 lines.[39G112300000 lines.[39G112400000 lines.[39G112500000 lines.[39G112600000 lines.[39G112700000 lines.[39G112800000 lines.[39G112900000 lines.[39G113000000 lines.[39G113100000 lines.[39G113200000 lines.[39G113300000 lines.[39G113400000 lines.[39G113500000 lines.[39G113600000 lines.[39G113700000 lines.[39G113800000 lines.[39G113900000 lines.[39G114000000 lines.[39G114100000 lines.[39G114200000 lines.[39G114300000 lines.[39G114400000 lines.[39G114500000 lines.[39G114600000 lines.[39G114700000 lines.[39G114800000 lines.[39G114900000 lines.[39G115000000 lines.[39G115100000 lines.[39G115200000 lines.[39G115300000 lines.[39G115400000 lines.[39G115500000 lines.[39G115600000 lines.[39G115700000 lines.[39G115800000 lines.[39G115900000 lines.[39G116000000 lines.[39G116100000 lines.[39G116200000 lines.[39G116300000 lines.[39G116400000 lines.[39G116500000 lines.[39G116600000 lines.[39G116700000 lines.[39G116800000 lines.[39G116900000 lines.[39G117000000 lines.[39G117100000 lines.[39G117200000 lines.[39G117300000 lines.[39G117400000 lines.[39G117500000 lines.[39G117600000 lines.[39G117700000 lines.[39G117800000 lines.[39G117900000 lines.[39G118000000 lines.[39G118100000 lines.[39G118200000 lines.[39G118300000 lines.[39G118400000 lines.[39G118500000 lines.[39G118600000 lines.[39G118700000 lines.[39G118800000 lines.[39G118900000 lines.[39G119000000 lines.[39G119100000 lines.[39G119200000 lines.[39G119300000 lines.[39G119400000 lines.[39G119500000 lines.[39G119600000 lines.[39G119700000 lines.[39G119800000 lines.[39G119900000 lines.[39G120000000 lines.[39G120100000 lines.[39G120200000 lines.[39G120300000 lines.[39G120400000 lines.[39G120500000 lines.[39G120600000 lines.[39G120700000 lines.[39G120800000 lines.[39G120900000 lines.[39G121000000 lines.[39G121100000 lines.[39G121200000 lines.[39G121300000 lines.[39G121400000 lines.[39G121500000 lines.[39G121600000 lines.[39G121700000 lines.[39G121800000 lines.[39G121900000 lines.[39G122000000 lines.[39G122100000 lines.[39G122200000 lines.[39G122300000 lines.[39G122400000 lines.[39G122500000 lines.[39G122600000 lines.[39G122700000 lines.[39G122800000 lines.[39G122900000 lines.[39G123000000 lines.[39G123100000 lines.[39G123200000 lines.[39G123300000 lines.[39G123400000 lines.[39G123500000 lines.[39G123600000 lines.[39G123700000 lines.[39G123800000 lines.[39G123900000 lines.[39G124000000 lines.[39G124100000 lines.[39G124200000 lines.[39G124300000 lines.[39G124400000 lines.[39G124500000 lines.[39G124600000 lines.[39G124700000 lines.[39G124800000 lines.[39G124900000 lines.[39G125000000 lines.[39G125100000 lines.[39G125200000 lines.[39G125300000 lines.[39G125400000 lines.[39G125500000 lines.[39G125600000 lines.[39G125700000 lines.[39G125800000 lines.[39G125900000 lines.[39G126000000 lines.[39G126100000 lines.[39G126200000 lines.[39G126300000 lines.[39G126400000 lines.[39G126500000 lines.[39G126600000 lines.[39G126700000 lines.[39G126800000 lines.[39G126900000 lines.[39G127000000 lines.[39G127100000 lines.[39G127200000 lines.[39G127300000 lines.[39G127400000 lines.[39G127500000 lines.[39G127600000 lines.[39G127700000 lines.[39G127800000 lines.[39G127900000 lines.[39G128000000 lines.[39G128100000 lines.[39G128200000 lines.[39G128300000 lines.[39G128400000 lines.[39G128500000 lines.[39G128600000 lines.[39G128700000 lines.[39G128800000 lines.[39G128900000 lines.[39G129000000 lines.[39G129100000 lines.[39G129200000 lines.[39G129300000 lines.[39G129400000 lines.[39G129500000 lines.[39G129600000 lines.[39G129700000 lines.[39G129800000 lines.[39G129900000 lines.[39G130000000 lines.[39G130100000 lines.[39G130200000 lines.[39G130300000 lines.[39G130400000 lines.[39G130500000 lines.[39G130600000 lines.[39G130700000 lines.[39G130800000 lines.[39G130900000 lines.[39G131000000 lines.[39G131100000 lines.[39G131200000 lines.[39G131300000 lines.[39G131400000 lines.[39G131500000 lines.[39G131600000 lines.[39G131700000 lines.[39G131800000 lines.[39G131900000 lines.[39G132000000 lines.[39G132100000 lines.[39G132200000 lines.[39G132300000 lines.[39G132400000 lines.[39G132500000 lines.[39G132600000 lines.[39G132700000 lines.[39G132800000 lines.[39G132900000 lines.[39G133000000 lines.[39G133100000 lines.[39G133200000 lines.[39G133300000 lines.[39G133400000 lines.[39G133500000 lines.[39G133600000 lines.[39G133700000 lines.[39G133800000 lines.[39G133900000 lines.[39G134000000 lines.[39G134100000 lines.[39G134200000 lines.[39G134300000 lines.[39G134400000 lines.[39G134500000 lines.[39G134600000 lines.[39G134700000 lines.[39G134800000 lines.[39G134900000 lines.[39G135000000 lines.[39G135100000 lines.[39G135200000 lines.[39G135300000 lines.[39G135400000 lines.[39G135500000 lines.[39G135600000 lines.[39G135700000 lines.[39G135800000 lines.[39G135900000 lines.[39G136000000 lines.[39G136100000 lines.[39G136200000 lines.[39G136300000 lines.[39G136400000 lines.[39G136500000 lines.[39G136600000 lines.[39G136700000 lines.[39G136800000 lines.[39G136900000 lines.[39G137000000 lines.[39G137100000 lines.[39G137200000 lines.[39G137300000 lines.[39G137400000 lines.[39G137500000 lines.[39G137600000 lines.[39G137700000 lines.[39G137800000 lines.[39G137900000 lines.[39G138000000 lines.[39G138100000 lines.[39G138200000 lines.[39G138300000 lines.[39G138400000 lines.[39G138500000 lines.[39G138600000 lines.[39G138700000 lines.[39G138800000 lines.[39G138900000 lines.[39G139000000 lines.[39G139100000 lines.[39G139200000 lines.[39G139300000 lines.[39G139400000 lines.[39G139500000 lines.[39G139600000 lines.[39G139700000 lines.[39G139800000 lines.[39G139900000 lines.[39G140000000 lines.[39G140100000 lines.[39G140200000 lines.[39G140300000 lines.[39G140400000 lines.[39G140500000 lines.[39G140600000 lines.[39G140700000 lines.[39G140800000 lines.[39G140900000 lines.[39G141000000 lines.[39G141100000 lines.[39G141200000 lines.[39G141300000 lines.[39G141400000 lines.[39G141500000 lines.[39G141600000 lines.[39G141700000 lines.[39G141800000 lines.[39G141900000 lines.[39G142000000 lines.[39G142100000 lines.[39G142200000 lines.[39G142300000 lines.[39G142400000 lines.[39G142500000 lines.[39G142600000 lines.[39G142700000 lines.[39G142800000 lines.[39G142900000 lines.[39G143000000 lines.[39G143100000 lines.[39G143200000 lines.[39G143300000 lines.[39G143400000 lines.[39G143500000 lines.[39G143600000 lines.[39G143700000 lines.[39G143800000 lines.[39G143900000 lines.[39G144000000 lines.[39G144100000 lines.[39G144200000 lines.[39G144300000 lines.[39G144400000 lines.[39G144500000 lines.[39G144600000 lines.[39G144700000 lines.[39G144800000 lines.[39G144900000 lines.[39G145000000 lines.[39G145100000 lines.[39G145200000 lines.[39G145300000 lines.[39G145400000 lines.[39G145500000 lines.[39G145600000 lines.[39G145700000 lines.[39G145800000 lines.[39G145900000 lines.[39G146000000 lines.[39G146100000 lines.[39G146200000 lines.[39G146300000 lines.[39G146400000 lines.[39G146500000 lines.[39G146600000 lines.[39G146700000 lines.[39G146800000 lines.[39G146900000 lines.[39G147000000 lines.[39G147100000 lines.[39G147200000 lines.[39G147300000 lines.[39G147400000 lines.[39G147500000 lines.[39G147600000 lines.[39G147700000 lines.[39G147800000 lines.[39G147900000 lines.[39G148000000 lines.[39G148100000 lines.[39G148200000 lines.[39G148300000 lines.[39G148400000 lines.[39G148500000 lines.[39G148600000 lines.[39G148700000 lines.[39G148800000 lines.[39G148900000 lines.[39G149000000 lines.[39G149100000 lines.[39G149200000 lines.[0GMerging cooccurrence files: processed 149203212 lines.

Using random seed 1612872133
SHUFFLING COOCCURRENCES
array size: 1275068416
Shuffling by chunks: processed 0 lines.[22Gprocessed 149203212 lines.
Wrote 1 temporary file(s).
Merging temp files: processed 0 lines.[31G149203212 lines.[0GMerging temp files: processed 149203212 lines.

TRAINING MODEL
Read 149203212 lines.
Initializing parameters...Using random seed 1612872241
done.
vector size: 100
vocab size: 26639
x_max: 100.000000
alpha: 0.750000
02/09/21 - 01:04.48PM, iter: 001, cost: 0.011449
02/09/21 - 01:05.34PM, iter: 002, cost: 0.007292
02/09/21 - 01:06.21PM, iter: 003, cost: 0.005302
02/09/21 - 01:07.08PM, iter: 004, cost: 0.004192
02/09/21 - 01:07.55PM, iter: 005, cost: 0.003512
02/09/21 - 01:08.42PM, iter: 006, cost: 0.003054
02/09/21 - 01:09.28PM, iter: 007, cost: 0.002723
02/09/21 - 01:10.15PM, iter: 008, cost: 0.002470
02/09/21 - 01:11.02PM, iter: 009, cost: 0.002266
02/09/21 - 01:11.49PM, iter: 010, cost: 0.002099
02/09/21 - 01:12.36PM, iter: 011, cost: 0.001959
02/09/21 - 01:13.22PM, iter: 012, cost: 0.001841
02/09/21 - 01:14.09PM, iter: 013, cost: 0.001738
02/09/21 - 01:14.56PM, iter: 014, cost: 0.001649
02/09/21 - 01:15.43PM, iter: 015, cost: 0.001570
02/09/21 - 01:16.29PM, iter: 016, cost: 0.001501
02/09/21 - 01:17.16PM, iter: 017, cost: 0.001438
02/09/21 - 01:18.03PM, iter: 018, cost: 0.001382
02/09/21 - 01:18.50PM, iter: 019, cost: 0.001332
02/09/21 - 01:19.36PM, iter: 020, cost: 0.001286
02/09/21 - 01:20.23PM, iter: 021, cost: 0.001244
02/09/21 - 01:21.10PM, iter: 022, cost: 0.001206
02/09/21 - 01:21.57PM, iter: 023, cost: 0.001171
02/09/21 - 01:22.43PM, iter: 024, cost: 0.001139
02/09/21 - 01:23.30PM, iter: 025, cost: 0.001109
02/09/21 - 01:24.17PM, iter: 026, cost: 0.001082
02/09/21 - 01:25.04PM, iter: 027, cost: 0.001056
02/09/21 - 01:25.51PM, iter: 028, cost: 0.001033
02/09/21 - 01:26.37PM, iter: 029, cost: 0.001011
02/09/21 - 01:27.24PM, iter: 030, cost: 0.000991
02/09/21 - 01:28.11PM, iter: 031, cost: 0.000972
02/09/21 - 01:28.58PM, iter: 032, cost: 0.000955
02/09/21 - 01:29.45PM, iter: 033, cost: 0.000939
02/09/21 - 01:30.31PM, iter: 034, cost: 0.000923
02/09/21 - 01:31.18PM, iter: 035, cost: 0.000909
02/09/21 - 01:32.05PM, iter: 036, cost: 0.000896
02/09/21 - 01:32.52PM, iter: 037, cost: 0.000883
02/09/21 - 01:33.39PM, iter: 038, cost: 0.000871
02/09/21 - 01:34.25PM, iter: 039, cost: 0.000860
02/09/21 - 01:35.12PM, iter: 040, cost: 0.000850
02/09/21 - 01:35.59PM, iter: 041, cost: 0.000840
02/09/21 - 01:36.46PM, iter: 042, cost: 0.000830
02/09/21 - 01:37.32PM, iter: 043, cost: 0.000821
02/09/21 - 01:38.19PM, iter: 044, cost: 0.000813
02/09/21 - 01:39.06PM, iter: 045, cost: 0.000805
02/09/21 - 01:39.53PM, iter: 046, cost: 0.000798
02/09/21 - 01:40.39PM, iter: 047, cost: 0.000791
02/09/21 - 01:41.26PM, iter: 048, cost: 0.000784
02/09/21 - 01:42.13PM, iter: 049, cost: 0.000777
02/09/21 - 01:42.59PM, iter: 050, cost: 0.000771
02/09/21 - 01:43.46PM, iter: 051, cost: 0.000765
02/09/21 - 01:44.33PM, iter: 052, cost: 0.000760
02/09/21 - 01:45.20PM, iter: 053, cost: 0.000755
02/09/21 - 01:46.07PM, iter: 054, cost: 0.000750
02/09/21 - 01:46.53PM, iter: 055, cost: 0.000745
02/09/21 - 01:47.40PM, iter: 056, cost: 0.000740
02/09/21 - 01:48.27PM, iter: 057, cost: 0.000736
02/09/21 - 01:49.14PM, iter: 058, cost: 0.000731
02/09/21 - 01:50.00PM, iter: 059, cost: 0.000727
02/09/21 - 01:50.47PM, iter: 060, cost: 0.000724
02/09/21 - 01:51.34PM, iter: 061, cost: 0.000720
02/09/21 - 01:52.21PM, iter: 062, cost: 0.000716
02/09/21 - 01:53.07PM, iter: 063, cost: 0.000713
02/09/21 - 01:53.54PM, iter: 064, cost: 0.000710
02/09/21 - 01:54.41PM, iter: 065, cost: 0.000707
02/09/21 - 01:55.28PM, iter: 066, cost: 0.000703
02/09/21 - 01:56.14PM, iter: 067, cost: 0.000701
02/09/21 - 01:57.01PM, iter: 068, cost: 0.000698
02/09/21 - 01:57.48PM, iter: 069, cost: 0.000695
02/09/21 - 01:58.35PM, iter: 070, cost: 0.000693
02/09/21 - 01:59.21PM, iter: 071, cost: 0.000690
02/09/21 - 02:00.08PM, iter: 072, cost: 0.000688
02/09/21 - 02:00.55PM, iter: 073, cost: 0.000685
02/09/21 - 02:01.42PM, iter: 074, cost: 0.000683
02/09/21 - 02:02.29PM, iter: 075, cost: 0.000681
02/09/21 - 02:03.15PM, iter: 076, cost: 0.000679
02/09/21 - 02:04.02PM, iter: 077, cost: 0.000677
02/09/21 - 02:04.49PM, iter: 078, cost: 0.000675
02/09/21 - 02:05.36PM, iter: 079, cost: 0.000673
02/09/21 - 02:06.22PM, iter: 080, cost: 0.000671
02/09/21 - 02:07.09PM, iter: 081, cost: 0.000669
02/09/21 - 02:07.56PM, iter: 082, cost: 0.000668
02/09/21 - 02:08.42PM, iter: 083, cost: 0.000666
02/09/21 - 02:09.29PM, iter: 084, cost: 0.000664
02/09/21 - 02:10.16PM, iter: 085, cost: 0.000663
02/09/21 - 02:11.03PM, iter: 086, cost: 0.000661
02/09/21 - 02:11.50PM, iter: 087, cost: 0.000660
02/09/21 - 02:12.36PM, iter: 088, cost: 0.000658
02/09/21 - 02:13.23PM, iter: 089, cost: 0.000657
02/09/21 - 02:14.10PM, iter: 090, cost: 0.000656
02/09/21 - 02:14.57PM, iter: 091, cost: 0.000654
02/09/21 - 02:15.43PM, iter: 092, cost: 0.000653
02/09/21 - 02:16.30PM, iter: 093, cost: 0.000652
02/09/21 - 02:17.17PM, iter: 094, cost: 0.000650
02/09/21 - 02:18.04PM, iter: 095, cost: 0.000649
02/09/21 - 02:18.50PM, iter: 096, cost: 0.000648
02/09/21 - 02:19.37PM, iter: 097, cost: 0.000647
02/09/21 - 02:20.24PM, iter: 098, cost: 0.000646
02/09/21 - 02:21.11PM, iter: 099, cost: 0.000645
02/09/21 - 02:21.57PM, iter: 100, cost: 0.000644
